* using log directory ‘/home/gosia/R/R_Multinomial_project/DM_package_devel/DM.Rcheck’
* using R version 3.1.1 (2014-07-10)
* using platform: x86_64-unknown-linux-gnu (64-bit)
* using session charset: UTF-8
* checking for file ‘DM/DESCRIPTION’ ... OK
* checking extension type ... Package
* this is package ‘DM’ version ‘1.0’
* checking package namespace information ... OK
* checking package dependencies ... OK
* checking if this is a source package ... OK
* checking if there is a namespace ... OK
* checking for executable files ... OK
* checking for hidden files and directories ... OK
* checking for portable file names ... OK
* checking for sufficient/correct file permissions ... OK
* checking whether package ‘DM’ can be installed ... OK
* checking installed package size ... OK
* checking package directory ... OK
* checking DESCRIPTION meta-information ... OK
* checking top-level files ... OK
* checking for left-over files ... OK
* checking index information ... OK
* checking package subdirectories ... OK
* checking R files for non-ASCII characters ... OK
* checking R files for syntax errors ... OK
* checking whether the package can be loaded ... OK
* checking whether the package can be loaded with stated dependencies ... OK
* checking whether the package can be unloaded cleanly ... OK
* checking whether the namespace can be loaded with stated dependencies ... OK
* checking whether the namespace can be unloaded cleanly ... OK
* checking loading without being on the library search path ... OK
* checking dependencies in R code ... OK
* checking S3 generic/method consistency ... OK
* checking replacement functions ... OK
* checking foreign function calls ... OK
* checking R code for possible problems ... OK
* checking Rd files ... OK
* checking Rd metadata ... OK
* checking Rd cross-references ... OK
* checking for missing documentation entries ... WARNING
Undocumented code objects:
  ‘dBetaBin’ ‘dBetaBin2’ ‘dmAdj’ ‘dmAdjCROneGeneGroup’
  ‘dmAdjCROneGeneManyGroups’ ‘dmAdjustedProfileLik’
  ‘dmAdjustedProfileLikTG’ ‘dmEstimateCommonDisp’
  ‘dmEstimateTagwiseDisp’ ‘dmFit’ ‘dmInvExpFIMkm1’ ‘dmInvObsFIMGkm1’
  ‘dmInvObsFIMkm1’ ‘dmLogLik’ ‘dmLogLikG’ ‘dmLogLikGkm1’ ‘dmLogLikkm1’
  ‘dmOneGeneGroup’ ‘dmOneGeneManyGroups’ ‘dmScoreFunGkm1’
  ‘dmScoreFunkm1’ ‘dmSQTLAdj’ ‘dmSQTLAdjCROneGeneManyGroups’
  ‘dmSQTLAdjustedProfileLik’ ‘dmSQTLEstimateCommonDisp’ ‘dmSQTLFit’
  ‘dmSQTLOneGeneManyGroups’ ‘dmSQTLTest’ ‘dmTest’ ‘pBetaBin’
  ‘pBetaBin2’ ‘rdirichlet’ ‘repCol’ ‘repRow’ ‘weirMoM’
All user-level objects in a package should have documentation entries.
See the chapter ‘Writing R documentation files’ in the ‘Writing R Extensions’ manual.
* checking for code/documentation mismatches ... OK
* checking Rd \usage sections ... OK
* checking Rd contents ... OK
* checking for unstated dependencies in examples ... OK
* checking line endings in C/C++/Fortran sources/headers ... OK
* checking line endings in Makefiles ... OK
* checking for portable use of $(BLAS_LIBS) and $(LAPACK_LIBS) ... OK
* checking compiled code ... OK
* checking examples ... OK
* checking PDF version of manual ... OK
WARNING: There was 1 warning.
